  Trwa skanowanie źródeł pod kątem zależności modułów...
  AllyCard.ixx
  HighTierEnemy.ixx
  Ally.ixx
  Enemy.ixx
  LowTierEnemy.ixx
  Leaderboard.ixx
  MeleeAlly.ixx
  Missile.ixx
  RangeAlly.ixx
  MidTierEnemy.ixx
  PopUp.ixx
  Player.ixx
  Resources.ixx
  Spawner.ixx
  TankAlly.ixx
  TextField.ixx
  Slot.ixx
  SupportAlly.ixx
  Wave.ixx
  TextureManager.ixx
  Trwa kompilowanie…
  TextField.ixx
  Missile.ixx
  PopUp.ixx
  Enemy.ixx
  Resources.ixx
  TextureManager.ixx
C:\Users\kziaj\Desktop\Tower Defence\PK4Project\TextField.ixx(3,24): warning C5201: deklaracja modułu może występować tylko na początku jednostki translacji, chyba że zostanie użyty fragment modułu globalnego
C:\Users\kziaj\Desktop\Tower Defence\PK4Project\Resources.ixx(5,24): warning C5201: deklaracja modułu może występować tylko na początku jednostki translacji, chyba że zostanie użyty fragment modułu globalnego
C:\Users\kziaj\Desktop\Tower Defence\PK4Project\Resources.ixx(28,31): warning C4244: "argument": konwersja z "int" do "float", możliwa utrata danych
C:\Users\kziaj\Desktop\Tower Defence\PK4Project\Resources.ixx(28,25): warning C4244: "argument": konwersja z "int" do "float", możliwa utrata danych
C:\Users\kziaj\Desktop\Tower Defence\PK4Project\Resources.ixx(34,42): warning C4244: "argument": konwersja z "int" do "float", możliwa utrata danych
C:\Users\kziaj\Desktop\Tower Defence\PK4Project\Resources.ixx(34,31): warning C4244: "argument": konwersja z "int" do "float", możliwa utrata danych
C:\Users\kziaj\Desktop\Tower Defence\PK4Project\TextureManager.ixx(5,29): warning C5201: deklaracja modułu może występować tylko na początku jednostki translacji, chyba że zostanie użyty fragment modułu globalnego
C:\Users\kziaj\Desktop\Tower Defence\PK4Project\TextureManager.ixx(32,29): warning C4267: "return": konwersja z "size_t" do "int", możliwa utrata danych
C:\Users\kziaj\Desktop\Tower Defence\PK4Project\Enemy.ixx(5,20): warning C5201: deklaracja modułu może występować tylko na początku jednostki translacji, chyba że zostanie użyty fragment modułu globalnego
C:\Users\kziaj\Desktop\Tower Defence\PK4Project\Enemy.ixx(47,10): warning C4244: "return": konwersja z "float" do "int", możliwa utrata danych
C:\Users\kziaj\Desktop\Tower Defence\PK4Project\Enemy.ixx(68,21): warning C4244: "=": konwersja z "int" do "float", możliwa utrata danych
C:\Users\kziaj\Desktop\Tower Defence\PK4Project\Enemy.ixx(101,40): warning C4244: "return": konwersja z "const T" do "int", możliwa utrata danych
C:\Users\kziaj\Desktop\Tower Defence\PK4Project\Enemy.ixx(101,40): warning C4244:         with
C:\Users\kziaj\Desktop\Tower Defence\PK4Project\Enemy.ixx(101,40): warning C4244:         [
C:\Users\kziaj\Desktop\Tower Defence\PK4Project\Enemy.ixx(101,40): warning C4244:             T=float
C:\Users\kziaj\Desktop\Tower Defence\PK4Project\Enemy.ixx(101,40): warning C4244:         ]
C:\Users\kziaj\Desktop\Tower Defence\PK4Project\Enemy.ixx(105,40): warning C4244: "return": konwersja z "const T" do "int", możliwa utrata danych
C:\Users\kziaj\Desktop\Tower Defence\PK4Project\Enemy.ixx(105,40): warning C4244:         with
C:\Users\kziaj\Desktop\Tower Defence\PK4Project\Enemy.ixx(105,40): warning C4244:         [
C:\Users\kziaj\Desktop\Tower Defence\PK4Project\Enemy.ixx(105,40): warning C4244:             T=float
C:\Users\kziaj\Desktop\Tower Defence\PK4Project\Enemy.ixx(105,40): warning C4244:         ]
C:\Users\kziaj\Desktop\Tower Defence\PK4Project\Enemy.ixx(109,35): warning C4244: "argument": konwersja z "int" do "float", możliwa utrata danych
C:\Users\kziaj\Desktop\Tower Defence\PK4Project\Enemy.ixx(109,32): warning C4244: "argument": konwersja z "int" do "float", możliwa utrata danych
C:\Users\kziaj\Desktop\Tower Defence\PK4Project\Missile.ixx(5,22): warning C5201: deklaracja modułu może występować tylko na początku jednostki translacji, chyba że zostanie użyty fragment modułu globalnego
C:\Users\kziaj\Desktop\Tower Defence\PK4Project\Missile.ixx(31,40): warning C4244: "argument": konwersja z "int" do "float", możliwa utrata danych
C:\Users\kziaj\Desktop\Tower Defence\PK4Project\Missile.ixx(31,34): warning C4244: "argument": konwersja z "int" do "float", możliwa utrata danych
C:\Users\kziaj\Desktop\Tower Defence\PK4Project\PopUp.ixx(6,20): warning C5201: deklaracja modułu może występować tylko na początku jednostki translacji, chyba że zostanie użyty fragment modułu globalnego
  Ally.ixx
  Player.ixx
  Spawner.ixx
C:\Users\kziaj\Desktop\Tower Defence\PK4Project\Player.ixx(2,10): warning C4067: nieoczekiwane tokeny występujące po dyrektywie preprocesora - oczekiwano nowego wiersza
C:\Users\kziaj\Desktop\Tower Defence\PK4Project\Player.ixx(3,10): warning C4067: nieoczekiwane tokeny występujące po dyrektywie preprocesora - oczekiwano nowego wiersza
C:\Users\kziaj\Desktop\Tower Defence\PK4Project\Spawner.ixx(3,22): warning C5201: deklaracja modułu może występować tylko na początku jednostki translacji, chyba że zostanie użyty fragment modułu globalnego
C:\Users\kziaj\Desktop\Tower Defence\PK4Project\Spawner.ixx(16,51): warning C4244: "argument": konwersja z "int" do "T", możliwa utrata danych
C:\Users\kziaj\Desktop\Tower Defence\PK4Project\Spawner.ixx(16,51): warning C4244:         with
C:\Users\kziaj\Desktop\Tower Defence\PK4Project\Spawner.ixx(16,51): warning C4244:         [
C:\Users\kziaj\Desktop\Tower Defence\PK4Project\Spawner.ixx(16,51): warning C4244:             T=float
C:\Users\kziaj\Desktop\Tower Defence\PK4Project\Spawner.ixx(16,51): warning C4244:         ]
C:\Users\kziaj\Desktop\Tower Defence\PK4Project\Spawner.ixx(16,43): warning C4244: "argument": konwersja z "int" do "T", możliwa utrata danych
C:\Users\kziaj\Desktop\Tower Defence\PK4Project\Spawner.ixx(16,43): warning C4244:         with
C:\Users\kziaj\Desktop\Tower Defence\PK4Project\Spawner.ixx(16,43): warning C4244:         [
C:\Users\kziaj\Desktop\Tower Defence\PK4Project\Spawner.ixx(16,43): warning C4244:             T=float
C:\Users\kziaj\Desktop\Tower Defence\PK4Project\Spawner.ixx(16,43): warning C4244:         ]
C:\Users\kziaj\Desktop\Tower Defence\PK4Project\Spawner.ixx(21,52): warning C4244: "argument": konwersja z "int" do "float", możliwa utrata danych
C:\Users\kziaj\Desktop\Tower Defence\PK4Project\Spawner.ixx(21,39): warning C4244: "argument": konwersja z "int" do "float", możliwa utrata danych
C:\Users\kziaj\Desktop\Tower Defence\PK4Project\Spawner.ixx(26,51): warning C4244: "argument": konwersja z "int" do "T", możliwa utrata danych
C:\Users\kziaj\Desktop\Tower Defence\PK4Project\Spawner.ixx(26,51): warning C4244:         with
C:\Users\kziaj\Desktop\Tower Defence\PK4Project\Spawner.ixx(26,51): warning C4244:         [
C:\Users\kziaj\Desktop\Tower Defence\PK4Project\Spawner.ixx(26,51): warning C4244:             T=float
C:\Users\kziaj\Desktop\Tower Defence\PK4Project\Spawner.ixx(26,51): warning C4244:         ]
C:\Users\kziaj\Desktop\Tower Defence\PK4Project\Spawner.ixx(26,43): warning C4244: "argument": konwersja z "int" do "T", możliwa utrata danych
C:\Users\kziaj\Desktop\Tower Defence\PK4Project\Spawner.ixx(26,43): warning C4244:         with
C:\Users\kziaj\Desktop\Tower Defence\PK4Project\Spawner.ixx(26,43): warning C4244:         [
C:\Users\kziaj\Desktop\Tower Defence\PK4Project\Spawner.ixx(26,43): warning C4244:             T=float
C:\Users\kziaj\Desktop\Tower Defence\PK4Project\Spawner.ixx(26,43): warning C4244:         ]
C:\Users\kziaj\Desktop\Tower Defence\PK4Project\Spawner.ixx(27,40): warning C4244: "argument": konwersja z "int" do "float", możliwa utrata danych
C:\Users\kziaj\Desktop\Tower Defence\PK4Project\Spawner.ixx(27,34): warning C4244: "argument": konwersja z "int" do "float", możliwa utrata danych
C:\Users\kziaj\Desktop\Tower Defence\PK4Project\Spawner.ixx(31,52): warning C4244: "argument": konwersja z "int" do "float", możliwa utrata danych
C:\Users\kziaj\Desktop\Tower Defence\PK4Project\Spawner.ixx(31,39): warning C4244: "argument": konwersja z "int" do "float", możliwa utrata danych
C:\Users\kziaj\Desktop\Tower Defence\PK4Project\Spawner.ixx(35,38): warning C4244: "return": konwersja z "const T" do "int", możliwa utrata danych
C:\Users\kziaj\Desktop\Tower Defence\PK4Project\Spawner.ixx(35,38): warning C4244:         with
C:\Users\kziaj\Desktop\Tower Defence\PK4Project\Spawner.ixx(35,38): warning C4244:         [
C:\Users\kziaj\Desktop\Tower Defence\PK4Project\Spawner.ixx(35,38): warning C4244:             T=float
C:\Users\kziaj\Desktop\Tower Defence\PK4Project\Spawner.ixx(35,38): warning C4244:         ]
C:\Users\kziaj\Desktop\Tower Defence\PK4Project\Spawner.ixx(39,38): warning C4244: "return": konwersja z "const T" do "int", możliwa utrata danych
C:\Users\kziaj\Desktop\Tower Defence\PK4Project\Spawner.ixx(39,38): warning C4244:         with
C:\Users\kziaj\Desktop\Tower Defence\PK4Project\Spawner.ixx(39,38): warning C4244:         [
C:\Users\kziaj\Desktop\Tower Defence\PK4Project\Spawner.ixx(39,38): warning C4244:             T=float
C:\Users\kziaj\Desktop\Tower Defence\PK4Project\Spawner.ixx(39,38): warning C4244:         ]
C:\Users\kziaj\Desktop\Tower Defence\PK4Project\Spawner.ixx(43,42): warning C4244: "return": konwersja z "const T" do "int", możliwa utrata danych
C:\Users\kziaj\Desktop\Tower Defence\PK4Project\Spawner.ixx(43,42): warning C4244:         with
C:\Users\kziaj\Desktop\Tower Defence\PK4Project\Spawner.ixx(43,42): warning C4244:         [
C:\Users\kziaj\Desktop\Tower Defence\PK4Project\Spawner.ixx(43,42): warning C4244:             T=float
C:\Users\kziaj\Desktop\Tower Defence\PK4Project\Spawner.ixx(43,42): warning C4244:         ]
C:\Users\kziaj\Desktop\Tower Defence\PK4Project\Spawner.ixx(47,42): warning C4244: "return": konwersja z "const T" do "int", możliwa utrata danych
C:\Users\kziaj\Desktop\Tower Defence\PK4Project\Spawner.ixx(47,42): warning C4244:         with
C:\Users\kziaj\Desktop\Tower Defence\PK4Project\Spawner.ixx(47,42): warning C4244:         [
C:\Users\kziaj\Desktop\Tower Defence\PK4Project\Spawner.ixx(47,42): warning C4244:             T=float
C:\Users\kziaj\Desktop\Tower Defence\PK4Project\Spawner.ixx(47,42): warning C4244:         ]
C:\Users\kziaj\Desktop\Tower Defence\PK4Project\Player.ixx(4,10): warning C4067: nieoczekiwane tokeny występujące po dyrektywie preprocesora - oczekiwano nowego wiersza
C:\Users\kziaj\Desktop\Tower Defence\PK4Project\Player.ixx(5,10): warning C4067: nieoczekiwane tokeny występujące po dyrektywie preprocesora - oczekiwano nowego wiersza
C:\Users\kziaj\Desktop\Tower Defence\PK4Project\Ally.ixx(10,19): warning C5201: deklaracja modułu może występować tylko na początku jednostki translacji, chyba że zostanie użyty fragment modułu globalnego
C:\Users\kziaj\Desktop\Tower Defence\PK4Project\Ally.ixx(33,23): warning C4244: "=": konwersja z "int" do "float", możliwa utrata danych
C:\Users\kziaj\Desktop\Tower Defence\PK4Project\Ally.ixx(55,23): warning C4244: "=": konwersja z "int" do "float", możliwa utrata danych
C:\Users\kziaj\Desktop\Tower Defence\PK4Project\Player.ixx(7,10): warning C4067: nieoczekiwane tokeny występujące po dyrektywie preprocesora - oczekiwano nowego wiersza
C:\Users\kziaj\Desktop\Tower Defence\PK4Project\Player.ixx(8,10): warning C4067: nieoczekiwane tokeny występujące po dyrektywie preprocesora - oczekiwano nowego wiersza
C:\Users\kziaj\Desktop\Tower Defence\PK4Project\Player.ixx(10,21): warning C5201: deklaracja modułu może występować tylko na początku jednostki translacji, chyba że zostanie użyty fragment modułu globalnego
  MeleeAlly.ixx
  HighTierEnemy.ixx
  Slot.ixx
  SupportAlly.ixx
  RangeAlly.ixx
  Leaderboard.ixx
C:\Users\kziaj\Desktop\Tower Defence\PK4Project\Slot.ixx(5,19): warning C5201: deklaracja modułu może występować tylko na początku jednostki translacji, chyba że zostanie użyty fragment modułu globalnego
C:\Users\kziaj\Desktop\Tower Defence\PK4Project\Slot.ixx(23,48): warning C4244: "argument": konwersja z "int" do "T", możliwa utrata danych
C:\Users\kziaj\Desktop\Tower Defence\PK4Project\Slot.ixx(23,48): warning C4244:         with
C:\Users\kziaj\Desktop\Tower Defence\PK4Project\Slot.ixx(23,48): warning C4244:         [
C:\Users\kziaj\Desktop\Tower Defence\PK4Project\Slot.ixx(23,48): warning C4244:             T=float
C:\Users\kziaj\Desktop\Tower Defence\PK4Project\Slot.ixx(23,48): warning C4244:         ]
C:\Users\kziaj\Desktop\Tower Defence\PK4Project\Slot.ixx(23,40): warning C4244: "argument": konwersja z "int" do "T", możliwa utrata danych
C:\Users\kziaj\Desktop\Tower Defence\PK4Project\Slot.ixx(23,40): warning C4244:         with
C:\Users\kziaj\Desktop\Tower Defence\PK4Project\Slot.ixx(23,40): warning C4244:         [
C:\Users\kziaj\Desktop\Tower Defence\PK4Project\Slot.ixx(23,40): warning C4244:             T=float
C:\Users\kziaj\Desktop\Tower Defence\PK4Project\Slot.ixx(23,40): warning C4244:         ]
C:\Users\kziaj\Desktop\Tower Defence\PK4Project\Slot.ixx(28,49): warning C4244: "argument": konwersja z "int" do "float", możliwa utrata danych
C:\Users\kziaj\Desktop\Tower Defence\PK4Project\Slot.ixx(28,36): warning C4244: "argument": konwersja z "int" do "float", możliwa utrata danych
C:\Users\kziaj\Desktop\Tower Defence\PK4Project\Slot.ixx(33,48): warning C4244: "argument": konwersja z "int" do "T", możliwa utrata danych
C:\Users\kziaj\Desktop\Tower Defence\PK4Project\Slot.ixx(33,48): warning C4244:         with
C:\Users\kziaj\Desktop\Tower Defence\PK4Project\Slot.ixx(33,48): warning C4244:         [
C:\Users\kziaj\Desktop\Tower Defence\PK4Project\Slot.ixx(33,48): warning C4244:             T=float
C:\Users\kziaj\Desktop\Tower Defence\PK4Project\Slot.ixx(33,48): warning C4244:         ]
C:\Users\kziaj\Desktop\Tower Defence\PK4Project\Slot.ixx(33,40): warning C4244: "argument": konwersja z "int" do "T", możliwa utrata danych
C:\Users\kziaj\Desktop\Tower Defence\PK4Project\Slot.ixx(33,40): warning C4244:         with
C:\Users\kziaj\Desktop\Tower Defence\PK4Project\Slot.ixx(33,40): warning C4244:         [
C:\Users\kziaj\Desktop\Tower Defence\PK4Project\Slot.ixx(33,40): warning C4244:             T=float
C:\Users\kziaj\Desktop\Tower Defence\PK4Project\Slot.ixx(33,40): warning C4244:         ]
C:\Users\kziaj\Desktop\Tower Defence\PK4Project\Slot.ixx(34,37): warning C4244: "argument": konwersja z "int" do "float", możliwa utrata danych
C:\Users\kziaj\Desktop\Tower Defence\PK4Project\Slot.ixx(34,31): warning C4244: "argument": konwersja z "int" do "float", możliwa utrata danych
C:\Users\kziaj\Desktop\Tower Defence\PK4Project\Slot.ixx(38,49): warning C4244: "argument": konwersja z "int" do "float", możliwa utrata danych
C:\Users\kziaj\Desktop\Tower Defence\PK4Project\Slot.ixx(38,36): warning C4244: "argument": konwersja z "int" do "float", możliwa utrata danych
C:\Users\kziaj\Desktop\Tower Defence\PK4Project\Slot.ixx(79,35): warning C4244: "return": konwersja z "const T" do "int", możliwa utrata danych
C:\Users\kziaj\Desktop\Tower Defence\PK4Project\Slot.ixx(79,35): warning C4244:         with
C:\Users\kziaj\Desktop\Tower Defence\PK4Project\Slot.ixx(79,35): warning C4244:         [
C:\Users\kziaj\Desktop\Tower Defence\PK4Project\Slot.ixx(79,35): warning C4244:             T=float
C:\Users\kziaj\Desktop\Tower Defence\PK4Project\Slot.ixx(79,35): warning C4244:         ]
C:\Users\kziaj\Desktop\Tower Defence\PK4Project\Slot.ixx(82,35): warning C4244: "return": konwersja z "const T" do "int", możliwa utrata danych
C:\Users\kziaj\Desktop\Tower Defence\PK4Project\Slot.ixx(82,35): warning C4244:         with
C:\Users\kziaj\Desktop\Tower Defence\PK4Project\Slot.ixx(82,35): warning C4244:         [
C:\Users\kziaj\Desktop\Tower Defence\PK4Project\Slot.ixx(82,35): warning C4244:             T=float
C:\Users\kziaj\Desktop\Tower Defence\PK4Project\Slot.ixx(82,35): warning C4244:         ]
C:\Users\kziaj\Desktop\Tower Defence\PK4Project\Slot.ixx(85,10): warning C4244: "return": konwersja z "float" do "int", możliwa utrata danych
C:\Users\kziaj\Desktop\Tower Defence\PK4Project\Slot.ixx(93,55): warning C4244: "argument": konwersja z "_Ty2" do "float", możliwa utrata danych
C:\Users\kziaj\Desktop\Tower Defence\PK4Project\Slot.ixx(93,55): warning C4244:         with
C:\Users\kziaj\Desktop\Tower Defence\PK4Project\Slot.ixx(93,55): warning C4244:         [
C:\Users\kziaj\Desktop\Tower Defence\PK4Project\Slot.ixx(93,55): warning C4244:             _Ty2=int
C:\Users\kziaj\Desktop\Tower Defence\PK4Project\Slot.ixx(93,55): warning C4244:         ]
C:\Users\kziaj\Desktop\Tower Defence\PK4Project\Slot.ixx(93,39): warning C4244: "argument": konwersja z "_Ty1" do "float", możliwa utrata danych
C:\Users\kziaj\Desktop\Tower Defence\PK4Project\Slot.ixx(93,39): warning C4244:         with
C:\Users\kziaj\Desktop\Tower Defence\PK4Project\Slot.ixx(93,39): warning C4244:         [
C:\Users\kziaj\Desktop\Tower Defence\PK4Project\Slot.ixx(93,39): warning C4244:             _Ty1=int
C:\Users\kziaj\Desktop\Tower Defence\PK4Project\Slot.ixx(93,39): warning C4244:         ]
C:\Users\kziaj\Desktop\Tower Defence\PK4Project\Slot.ixx(97,39): warning C4244: "return": konwersja z "const T" do "int", możliwa utrata danych
C:\Users\kziaj\Desktop\Tower Defence\PK4Project\Slot.ixx(97,39): warning C4244:         with
C:\Users\kziaj\Desktop\Tower Defence\PK4Project\Slot.ixx(97,39): warning C4244:         [
C:\Users\kziaj\Desktop\Tower Defence\PK4Project\Slot.ixx(97,39): warning C4244:             T=float
C:\Users\kziaj\Desktop\Tower Defence\PK4Project\Slot.ixx(97,39): warning C4244:         ]
C:\Users\kziaj\Desktop\Tower Defence\PK4Project\Slot.ixx(101,39): warning C4244: "return": konwersja z "const T" do "int", możliwa utrata danych
C:\Users\kziaj\Desktop\Tower Defence\PK4Project\Slot.ixx(101,39): warning C4244:         with
C:\Users\kziaj\Desktop\Tower Defence\PK4Project\Slot.ixx(101,39): warning C4244:         [
C:\Users\kziaj\Desktop\Tower Defence\PK4Project\Slot.ixx(101,39): warning C4244:             T=float
C:\Users\kziaj\Desktop\Tower Defence\PK4Project\Slot.ixx(101,39): warning C4244:         ]
C:\Users\kziaj\Desktop\Tower Defence\PK4Project\HighTierEnemy.ixx(5,28): warning C5201: deklaracja modułu może występować tylko na początku jednostki translacji, chyba że zostanie użyty fragment modułu globalnego
C:\Users\kziaj\Desktop\Tower Defence\PK4Project\HighTierEnemy.ixx(20,23): warning C4244: "=": konwersja z "double" do "int", możliwa utrata danych
C:\Users\kziaj\Desktop\Tower Defence\PK4Project\HighTierEnemy.ixx(44,124): warning C4244: "argument": konwersja z "int" do "float", możliwa utrata danych
C:\Users\kziaj\Desktop\Tower Defence\PK4Project\HighTierEnemy.ixx(44,76): warning C4244: "argument": konwersja z "int" do "float", możliwa utrata danych
C:\Users\kziaj\Desktop\Tower Defence\PK4Project\Leaderboard.ixx(7,26): warning C5201: deklaracja modułu może występować tylko na początku jednostki translacji, chyba że zostanie użyty fragment modułu globalnego
C:\Users\kziaj\Desktop\Tower Defence\PK4Project\Leaderboard.ixx(91,29): warning C4244: "argument": konwersja z "int" do "float", możliwa utrata danych
C:\Users\kziaj\Desktop\Tower Defence\PK4Project\Leaderboard.ixx(94,30): warning C4244: "argument": konwersja z "int" do "float", możliwa utrata danych
C:\Users\kziaj\Desktop\Tower Defence\PK4Project\Leaderboard.ixx(97,30): warning C4244: "argument": konwersja z "int" do "float", możliwa utrata danych
C:\Users\kziaj\Desktop\Tower Defence\PK4Project\SupportAlly.ixx(8,26): warning C5201: deklaracja modułu może występować tylko na początku jednostki translacji, chyba że zostanie użyty fragment modułu globalnego
C:\Users\kziaj\Desktop\Tower Defence\PK4Project\SupportAlly.ixx(58,41): warning C4244: "argument": konwersja z "int" do "float", możliwa utrata danych
C:\Users\kziaj\Desktop\Tower Defence\PK4Project\SupportAlly.ixx(58,38): warning C4244: "argument": konwersja z "int" do "float", możliwa utrata danych
C:\Users\kziaj\Desktop\Tower Defence\PK4Project\SupportAlly.ixx(62,46): warning C4244: "return": konwersja z "const T" do "int", możliwa utrata danych
C:\Users\kziaj\Desktop\Tower Defence\PK4Project\SupportAlly.ixx(62,46): warning C4244:         with
C:\Users\kziaj\Desktop\Tower Defence\PK4Project\SupportAlly.ixx(62,46): warning C4244:         [
C:\Users\kziaj\Desktop\Tower Defence\PK4Project\SupportAlly.ixx(62,46): warning C4244:             T=float
C:\Users\kziaj\Desktop\Tower Defence\PK4Project\SupportAlly.ixx(62,46): warning C4244:         ]
C:\Users\kziaj\Desktop\Tower Defence\PK4Project\SupportAlly.ixx(66,46): warning C4244: "return": konwersja z "const T" do "int", możliwa utrata danych
C:\Users\kziaj\Desktop\Tower Defence\PK4Project\SupportAlly.ixx(66,46): warning C4244:         with
C:\Users\kziaj\Desktop\Tower Defence\PK4Project\SupportAlly.ixx(66,46): warning C4244:         [
C:\Users\kziaj\Desktop\Tower Defence\PK4Project\SupportAlly.ixx(66,46): warning C4244:             T=float
C:\Users\kziaj\Desktop\Tower Defence\PK4Project\SupportAlly.ixx(66,46): warning C4244:         ]
C:\Users\kziaj\Desktop\Tower Defence\PK4Project\MeleeAlly.ixx(5,24): warning C5201: deklaracja modułu może występować tylko na początku jednostki translacji, chyba że zostanie użyty fragment modułu globalnego
C:\Users\kziaj\Desktop\Tower Defence\PK4Project\MeleeAlly.ixx(77,39): warning C4244: "argument": konwersja z "int" do "float", możliwa utrata danych
C:\Users\kziaj\Desktop\Tower Defence\PK4Project\MeleeAlly.ixx(77,36): warning C4244: "argument": konwersja z "int" do "float", możliwa utrata danych
C:\Users\kziaj\Desktop\Tower Defence\PK4Project\MeleeAlly.ixx(81,44): warning C4244: "return": konwersja z "const T" do "int", możliwa utrata danych
C:\Users\kziaj\Desktop\Tower Defence\PK4Project\MeleeAlly.ixx(81,44): warning C4244:         with
C:\Users\kziaj\Desktop\Tower Defence\PK4Project\MeleeAlly.ixx(81,44): warning C4244:         [
C:\Users\kziaj\Desktop\Tower Defence\PK4Project\MeleeAlly.ixx(81,44): warning C4244:             T=float
C:\Users\kziaj\Desktop\Tower Defence\PK4Project\MeleeAlly.ixx(81,44): warning C4244:         ]
C:\Users\kziaj\Desktop\Tower Defence\PK4Project\MeleeAlly.ixx(85,44): warning C4244: "return": konwersja z "const T" do "int", możliwa utrata danych
C:\Users\kziaj\Desktop\Tower Defence\PK4Project\MeleeAlly.ixx(85,44): warning C4244:         with
C:\Users\kziaj\Desktop\Tower Defence\PK4Project\MeleeAlly.ixx(85,44): warning C4244:         [
C:\Users\kziaj\Desktop\Tower Defence\PK4Project\MeleeAlly.ixx(85,44): warning C4244:             T=float
C:\Users\kziaj\Desktop\Tower Defence\PK4Project\MeleeAlly.ixx(85,44): warning C4244:         ]
C:\Users\kziaj\Desktop\Tower Defence\PK4Project\RangeAlly.ixx(8,24): warning C5201: deklaracja modułu może występować tylko na początku jednostki translacji, chyba że zostanie użyty fragment modułu globalnego
C:\Users\kziaj\Desktop\Tower Defence\PK4Project\RangeAlly.ixx(86,39): warning C4244: "argument": konwersja z "int" do "float", możliwa utrata danych
C:\Users\kziaj\Desktop\Tower Defence\PK4Project\RangeAlly.ixx(86,36): warning C4244: "argument": konwersja z "int" do "float", możliwa utrata danych
C:\Users\kziaj\Desktop\Tower Defence\PK4Project\RangeAlly.ixx(90,44): warning C4244: "return": konwersja z "const T" do "int", możliwa utrata danych
C:\Users\kziaj\Desktop\Tower Defence\PK4Project\RangeAlly.ixx(90,44): warning C4244:         with
C:\Users\kziaj\Desktop\Tower Defence\PK4Project\RangeAlly.ixx(90,44): warning C4244:         [
C:\Users\kziaj\Desktop\Tower Defence\PK4Project\RangeAlly.ixx(90,44): warning C4244:             T=float
C:\Users\kziaj\Desktop\Tower Defence\PK4Project\RangeAlly.ixx(90,44): warning C4244:         ]
C:\Users\kziaj\Desktop\Tower Defence\PK4Project\RangeAlly.ixx(94,44): warning C4244: "return": konwersja z "const T" do "int", możliwa utrata danych
C:\Users\kziaj\Desktop\Tower Defence\PK4Project\RangeAlly.ixx(94,44): warning C4244:         with
C:\Users\kziaj\Desktop\Tower Defence\PK4Project\RangeAlly.ixx(94,44): warning C4244:         [
C:\Users\kziaj\Desktop\Tower Defence\PK4Project\RangeAlly.ixx(94,44): warning C4244:             T=float
C:\Users\kziaj\Desktop\Tower Defence\PK4Project\RangeAlly.ixx(94,44): warning C4244:         ]
  TankAlly.ixx
  LowTierEnemy.ixx
  MidTierEnemy.ixx
C:\Users\kziaj\Desktop\Tower Defence\PK4Project\LowTierEnemy.ixx(5,27): warning C5201: deklaracja modułu może występować tylko na początku jednostki translacji, chyba że zostanie użyty fragment modułu globalnego
C:\Users\kziaj\Desktop\Tower Defence\PK4Project\LowTierEnemy.ixx(20,23): warning C4244: "=": konwersja z "double" do "int", możliwa utrata danych
C:\Users\kziaj\Desktop\Tower Defence\PK4Project\LowTierEnemy.ixx(43,124): warning C4244: "argument": konwersja z "int" do "float", możliwa utrata danych
C:\Users\kziaj\Desktop\Tower Defence\PK4Project\LowTierEnemy.ixx(43,76): warning C4244: "argument": konwersja z "int" do "float", możliwa utrata danych
C:\Users\kziaj\Desktop\Tower Defence\PK4Project\MidTierEnemy.ixx(5,27): warning C5201: deklaracja modułu może występować tylko na początku jednostki translacji, chyba że zostanie użyty fragment modułu globalnego
C:\Users\kziaj\Desktop\Tower Defence\PK4Project\MidTierEnemy.ixx(20,23): warning C4244: "=": konwersja z "double" do "int", możliwa utrata danych
C:\Users\kziaj\Desktop\Tower Defence\PK4Project\MidTierEnemy.ixx(22,19): warning C4305: "=": obcięcie z "double" do "float"
C:\Users\kziaj\Desktop\Tower Defence\PK4Project\MidTierEnemy.ixx(44,124): warning C4244: "argument": konwersja z "int" do "float", możliwa utrata danych
C:\Users\kziaj\Desktop\Tower Defence\PK4Project\MidTierEnemy.ixx(44,76): warning C4244: "argument": konwersja z "int" do "float", możliwa utrata danych
C:\Users\kziaj\Desktop\Tower Defence\PK4Project\TankAlly.ixx(8,23): warning C5201: deklaracja modułu może występować tylko na początku jednostki translacji, chyba że zostanie użyty fragment modułu globalnego
C:\Users\kziaj\Desktop\Tower Defence\PK4Project\TankAlly.ixx(47,38): warning C4244: "argument": konwersja z "int" do "float", możliwa utrata danych
C:\Users\kziaj\Desktop\Tower Defence\PK4Project\TankAlly.ixx(47,35): warning C4244: "argument": konwersja z "int" do "float", możliwa utrata danych
C:\Users\kziaj\Desktop\Tower Defence\PK4Project\TankAlly.ixx(51,43): warning C4244: "return": konwersja z "const T" do "int", możliwa utrata danych
C:\Users\kziaj\Desktop\Tower Defence\PK4Project\TankAlly.ixx(51,43): warning C4244:         with
C:\Users\kziaj\Desktop\Tower Defence\PK4Project\TankAlly.ixx(51,43): warning C4244:         [
C:\Users\kziaj\Desktop\Tower Defence\PK4Project\TankAlly.ixx(51,43): warning C4244:             T=float
C:\Users\kziaj\Desktop\Tower Defence\PK4Project\TankAlly.ixx(51,43): warning C4244:         ]
C:\Users\kziaj\Desktop\Tower Defence\PK4Project\TankAlly.ixx(55,43): warning C4244: "return": konwersja z "const T" do "int", możliwa utrata danych
C:\Users\kziaj\Desktop\Tower Defence\PK4Project\TankAlly.ixx(55,43): warning C4244:         with
C:\Users\kziaj\Desktop\Tower Defence\PK4Project\TankAlly.ixx(55,43): warning C4244:         [
C:\Users\kziaj\Desktop\Tower Defence\PK4Project\TankAlly.ixx(55,43): warning C4244:             T=float
C:\Users\kziaj\Desktop\Tower Defence\PK4Project\TankAlly.ixx(55,43): warning C4244:         ]
  Wave.ixx
  AllyCard.ixx
C:\Users\kziaj\Desktop\Tower Defence\PK4Project\Wave.ixx(10,19): warning C5201: deklaracja modułu może występować tylko na początku jednostki translacji, chyba że zostanie użyty fragment modułu globalnego
C:\Users\kziaj\Desktop\Tower Defence\PK4Project\Wave.ixx(411,69): warning C4244: "argument": konwersja z "double" do "sf::Int32", możliwa utrata danych
C:\Users\kziaj\Desktop\Tower Defence\PK4Project\AllyCard.ixx(4,23): warning C5201: deklaracja modułu może występować tylko na początku jednostki translacji, chyba że zostanie użyty fragment modułu globalnego
C:\Users\kziaj\Desktop\Tower Defence\PK4Project\AllyCard.ixx(20,37): warning C4244: "argument": konwersja z "int" do "float", możliwa utrata danych
C:\Users\kziaj\Desktop\Tower Defence\PK4Project\AllyCard.ixx(20,34): warning C4244: "argument": konwersja z "int" do "float", możliwa utrata danych
C:\Users\kziaj\Desktop\Tower Defence\PK4Project\AllyCard.ixx(77,30): warning C4305: "argument": obcięcie z "double" do "float"
C:\Users\kziaj\Desktop\Tower Defence\PK4Project\AllyCard.ixx(77,25): warning C4305: "argument": obcięcie z "double" do "float"
  Game.cpp
  GameLoop.cpp
C:\Users\kziaj\Desktop\Tower Defence\PK4Project\GameLoop.cpp(1,10): warning C4067: nieoczekiwane tokeny występujące po dyrektywie preprocesora - oczekiwano nowego wiersza
C:\Users\kziaj\Desktop\Tower Defence\PK4Project\GameLoop.cpp(12,16): warning C4356: „ally::maxEnemyPosition”: nie można zainicjować statycznej składowej danych za pośrednictwem pochodnej klasy
C:\Users\kziaj\Desktop\Tower Defence\PK4Project\GameLoop.cpp(55,60): warning C4244: "argument": konwersja z "int" do "float", możliwa utrata danych
C:\Users\kziaj\Desktop\Tower Defence\PK4Project\GameLoop.cpp(60,66): warning C4244: "argument": konwersja z "int" do "float", możliwa utrata danych
C:\Users\kziaj\Desktop\Tower Defence\PK4Project\GameLoop.cpp(117,62): warning C4244: "=": konwersja z "T" do "int", możliwa utrata danych
C:\Users\kziaj\Desktop\Tower Defence\PK4Project\GameLoop.cpp(117,62): warning C4244:         with
C:\Users\kziaj\Desktop\Tower Defence\PK4Project\GameLoop.cpp(117,62): warning C4244:         [
C:\Users\kziaj\Desktop\Tower Defence\PK4Project\GameLoop.cpp(117,62): warning C4244:             T=float
C:\Users\kziaj\Desktop\Tower Defence\PK4Project\GameLoop.cpp(117,62): warning C4244:         ]
C:\Users\kziaj\Desktop\Tower Defence\PK4Project\GameLoop.cpp(121,110): warning C4244: "argument": konwersja z "int" do "float", możliwa utrata danych
C:\Users\kziaj\Desktop\Tower Defence\PK4Project\GameLoop.cpp(121,65): warning C4244: "argument": konwersja z "int" do "float", możliwa utrata danych
C:\Users\kziaj\Desktop\Tower Defence\PK4Project\GameLoop.cpp(361,27): warning C4244: "argument": konwersja z "int" do "float", możliwa utrata danych
C:\Users\kziaj\Desktop\Tower Defence\PK4Project\GameLoop.cpp(368,23): warning C4244: "argument": konwersja z "int" do "float", możliwa utrata danych
  main.cpp
C:\Users\kziaj\Desktop\Tower Defence\PK4Project\main.cpp(1,10): warning C4067: nieoczekiwane tokeny występujące po dyrektywie preprocesora - oczekiwano nowego wiersza
  Generowanie kodu...
C:\Users\kziaj\Desktop\Tower Defence\PK4Project\AllyCard.ixx(72,1): warning C4715: "allyCard::getAllyCost”: niewszystkie ścieżki kodu zwracają wartość
sfml-graphics-s-d.lib(Transformable.obj) : warning LNK4099: nie znaleziono pliku PDB „” z elementem „sfml-graphics-s-d.lib(Transformable.obj)” lub w pozycji „”; obiekt zostanie skonsolidowany bez informacji debugowania
sfml-graphics-s-d.lib(Color.obj) : warning LNK4099: nie znaleziono pliku PDB „” z elementem „sfml-graphics-s-d.lib(Color.obj)” lub w pozycji „”; obiekt zostanie skonsolidowany bez informacji debugowania
sfml-graphics-s-d.lib(Shape.obj) : warning LNK4099: nie znaleziono pliku PDB „” z elementem „sfml-graphics-s-d.lib(Shape.obj)” lub w pozycji „”; obiekt zostanie skonsolidowany bez informacji debugowania
sfml-graphics-s-d.lib(Texture.obj) : warning LNK4099: nie znaleziono pliku PDB „” z elementem „sfml-graphics-s-d.lib(Texture.obj)” lub w pozycji „”; obiekt zostanie skonsolidowany bez informacji debugowania
sfml-graphics-s-d.lib(Font.obj) : warning LNK4099: nie znaleziono pliku PDB „” z elementem „sfml-graphics-s-d.lib(Font.obj)” lub w pozycji „”; obiekt zostanie skonsolidowany bez informacji debugowania
sfml-graphics-s-d.lib(RectangleShape.obj) : warning LNK4099: nie znaleziono pliku PDB „” z elementem „sfml-graphics-s-d.lib(RectangleShape.obj)” lub w pozycji „”; obiekt zostanie skonsolidowany bez informacji debugowania
sfml-graphics-s-d.lib(RenderTarget.obj) : warning LNK4099: nie znaleziono pliku PDB „” z elementem „sfml-graphics-s-d.lib(RenderTarget.obj)” lub w pozycji „”; obiekt zostanie skonsolidowany bez informacji debugowania
sfml-graphics-s-d.lib(RenderWindow.obj) : warning LNK4099: nie znaleziono pliku PDB „” z elementem „sfml-graphics-s-d.lib(RenderWindow.obj)” lub w pozycji „”; obiekt zostanie skonsolidowany bez informacji debugowania
sfml-graphics-s-d.lib(Sprite.obj) : warning LNK4099: nie znaleziono pliku PDB „” z elementem „sfml-graphics-s-d.lib(Sprite.obj)” lub w pozycji „”; obiekt zostanie skonsolidowany bez informacji debugowania
sfml-graphics-s-d.lib(Text.obj) : warning LNK4099: nie znaleziono pliku PDB „” z elementem „sfml-graphics-s-d.lib(Text.obj)” lub w pozycji „”; obiekt zostanie skonsolidowany bez informacji debugowania
sfml-graphics-s-d.lib(RenderStates.obj) : warning LNK4099: nie znaleziono pliku PDB „” z elementem „sfml-graphics-s-d.lib(RenderStates.obj)” lub w pozycji „”; obiekt zostanie skonsolidowany bez informacji debugowania
sfml-graphics-s-d.lib(VertexArray.obj) : warning LNK4099: nie znaleziono pliku PDB „” z elementem „sfml-graphics-s-d.lib(VertexArray.obj)” lub w pozycji „”; obiekt zostanie skonsolidowany bez informacji debugowania
sfml-graphics-s-d.lib(CircleShape.obj) : warning LNK4099: nie znaleziono pliku PDB „” z elementem „sfml-graphics-s-d.lib(CircleShape.obj)” lub w pozycji „”; obiekt zostanie skonsolidowany bez informacji debugowania
sfml-graphics-s-d.lib(Transform.obj) : warning LNK4099: nie znaleziono pliku PDB „” z elementem „sfml-graphics-s-d.lib(Transform.obj)” lub w pozycji „”; obiekt zostanie skonsolidowany bez informacji debugowania
sfml-graphics-s-d.lib(Image.obj) : warning LNK4099: nie znaleziono pliku PDB „” z elementem „sfml-graphics-s-d.lib(Image.obj)” lub w pozycji „”; obiekt zostanie skonsolidowany bez informacji debugowania
sfml-graphics-s-d.lib(GLExtensions.obj) : warning LNK4099: nie znaleziono pliku PDB „” z elementem „sfml-graphics-s-d.lib(GLExtensions.obj)” lub w pozycji „”; obiekt zostanie skonsolidowany bez informacji debugowania
sfml-graphics-s-d.lib(GLCheck.obj) : warning LNK4099: nie znaleziono pliku PDB „” z elementem „sfml-graphics-s-d.lib(GLCheck.obj)” lub w pozycji „”; obiekt zostanie skonsolidowany bez informacji debugowania
sfml-graphics-s-d.lib(TextureSaver.obj) : warning LNK4099: nie znaleziono pliku PDB „” z elementem „sfml-graphics-s-d.lib(TextureSaver.obj)” lub w pozycji „”; obiekt zostanie skonsolidowany bez informacji debugowania
sfml-graphics-s-d.lib(View.obj) : warning LNK4099: nie znaleziono pliku PDB „” z elementem „sfml-graphics-s-d.lib(View.obj)” lub w pozycji „”; obiekt zostanie skonsolidowany bez informacji debugowania
sfml-graphics-s-d.lib(BlendMode.obj) : warning LNK4099: nie znaleziono pliku PDB „” z elementem „sfml-graphics-s-d.lib(BlendMode.obj)” lub w pozycji „”; obiekt zostanie skonsolidowany bez informacji debugowania
sfml-graphics-s-d.lib(Vertex.obj) : warning LNK4099: nie znaleziono pliku PDB „” z elementem „sfml-graphics-s-d.lib(Vertex.obj)” lub w pozycji „”; obiekt zostanie skonsolidowany bez informacji debugowania
sfml-graphics-s-d.lib(Shader.obj) : warning LNK4099: nie znaleziono pliku PDB „” z elementem „sfml-graphics-s-d.lib(Shader.obj)” lub w pozycji „”; obiekt zostanie skonsolidowany bez informacji debugowania
sfml-graphics-s-d.lib(VertexBuffer.obj) : warning LNK4099: nie znaleziono pliku PDB „” z elementem „sfml-graphics-s-d.lib(VertexBuffer.obj)” lub w pozycji „”; obiekt zostanie skonsolidowany bez informacji debugowania
sfml-graphics-s-d.lib(RenderTextureImplFBO.obj) : warning LNK4099: nie znaleziono pliku PDB „” z elementem „sfml-graphics-s-d.lib(RenderTextureImplFBO.obj)” lub w pozycji „”; obiekt zostanie skonsolidowany bez informacji debugowania
sfml-graphics-s-d.lib(ImageLoader.obj) : warning LNK4099: nie znaleziono pliku PDB „” z elementem „sfml-graphics-s-d.lib(ImageLoader.obj)” lub w pozycji „”; obiekt zostanie skonsolidowany bez informacji debugowania
sfml-graphics-s-d.lib(Glsl.obj) : warning LNK4099: nie znaleziono pliku PDB „” z elementem „sfml-graphics-s-d.lib(Glsl.obj)” lub w pozycji „”; obiekt zostanie skonsolidowany bez informacji debugowania
sfml-graphics-s-d.lib(RenderTextureImpl.obj) : warning LNK4099: nie znaleziono pliku PDB „” z elementem „sfml-graphics-s-d.lib(RenderTextureImpl.obj)” lub w pozycji „”; obiekt zostanie skonsolidowany bez informacji debugowania
sfml-window-s-d.lib(Mouse.obj) : warning LNK4099: nie znaleziono pliku PDB „” z elementem „sfml-window-s-d.lib(Mouse.obj)” lub w pozycji „”; obiekt zostanie skonsolidowany bez informacji debugowania
sfml-window-s-d.lib(VideoMode.obj) : warning LNK4099: nie znaleziono pliku PDB „” z elementem „sfml-window-s-d.lib(VideoMode.obj)” lub w pozycji „”; obiekt zostanie skonsolidowany bez informacji debugowania
sfml-window-s-d.lib(WindowBase.obj) : warning LNK4099: nie znaleziono pliku PDB „” z elementem „sfml-window-s-d.lib(WindowBase.obj)” lub w pozycji „”; obiekt zostanie skonsolidowany bez informacji debugowania
sfml-window-s-d.lib(Window.obj) : warning LNK4099: nie znaleziono pliku PDB „” z elementem „sfml-window-s-d.lib(Window.obj)” lub w pozycji „”; obiekt zostanie skonsolidowany bez informacji debugowania
sfml-window-s-d.lib(GlResource.obj) : warning LNK4099: nie znaleziono pliku PDB „” z elementem „sfml-window-s-d.lib(GlResource.obj)” lub w pozycji „”; obiekt zostanie skonsolidowany bez informacji debugowania
sfml-window-s-d.lib(Context.obj) : warning LNK4099: nie znaleziono pliku PDB „” z elementem „sfml-window-s-d.lib(Context.obj)” lub w pozycji „”; obiekt zostanie skonsolidowany bez informacji debugowania
sfml-window-s-d.lib(InputImpl.obj) : warning LNK4099: nie znaleziono pliku PDB „” z elementem „sfml-window-s-d.lib(InputImpl.obj)” lub w pozycji „”; obiekt zostanie skonsolidowany bez informacji debugowania
sfml-window-s-d.lib(VideoModeImpl.obj) : warning LNK4099: nie znaleziono pliku PDB „” z elementem „sfml-window-s-d.lib(VideoModeImpl.obj)” lub w pozycji „”; obiekt zostanie skonsolidowany bez informacji debugowania
sfml-window-s-d.lib(Cursor.obj) : warning LNK4099: nie znaleziono pliku PDB „” z elementem „sfml-window-s-d.lib(Cursor.obj)” lub w pozycji „”; obiekt zostanie skonsolidowany bez informacji debugowania
sfml-window-s-d.lib(WindowImpl.obj) : warning LNK4099: nie znaleziono pliku PDB „” z elementem „sfml-window-s-d.lib(WindowImpl.obj)” lub w pozycji „”; obiekt zostanie skonsolidowany bez informacji debugowania
sfml-window-s-d.lib(GlContext.obj) : warning LNK4099: nie znaleziono pliku PDB „” z elementem „sfml-window-s-d.lib(GlContext.obj)” lub w pozycji „”; obiekt zostanie skonsolidowany bez informacji debugowania
sfml-window-s-d.lib(CursorImpl.obj) : warning LNK4099: nie znaleziono pliku PDB „” z elementem „sfml-window-s-d.lib(CursorImpl.obj)” lub w pozycji „”; obiekt zostanie skonsolidowany bez informacji debugowania
sfml-window-s-d.lib(JoystickManager.obj) : warning LNK4099: nie znaleziono pliku PDB „” z elementem „sfml-window-s-d.lib(JoystickManager.obj)” lub w pozycji „”; obiekt zostanie skonsolidowany bez informacji debugowania
sfml-window-s-d.lib(SensorManager.obj) : warning LNK4099: nie znaleziono pliku PDB „” z elementem „sfml-window-s-d.lib(SensorManager.obj)” lub w pozycji „”; obiekt zostanie skonsolidowany bez informacji debugowania
sfml-window-s-d.lib(WindowImplWin32.obj) : warning LNK4099: nie znaleziono pliku PDB „” z elementem „sfml-window-s-d.lib(WindowImplWin32.obj)” lub w pozycji „”; obiekt zostanie skonsolidowany bez informacji debugowania
sfml-window-s-d.lib(VulkanImplWin32.obj) : warning LNK4099: nie znaleziono pliku PDB „” z elementem „sfml-window-s-d.lib(VulkanImplWin32.obj)” lub w pozycji „”; obiekt zostanie skonsolidowany bez informacji debugowania
sfml-window-s-d.lib(WglContext.obj) : warning LNK4099: nie znaleziono pliku PDB „” z elementem „sfml-window-s-d.lib(WglContext.obj)” lub w pozycji „”; obiekt zostanie skonsolidowany bez informacji debugowania
sfml-window-s-d.lib(Joystick.obj) : warning LNK4099: nie znaleziono pliku PDB „” z elementem „sfml-window-s-d.lib(Joystick.obj)” lub w pozycji „”; obiekt zostanie skonsolidowany bez informacji debugowania
sfml-window-s-d.lib(JoystickImpl.obj) : warning LNK4099: nie znaleziono pliku PDB „” z elementem „sfml-window-s-d.lib(JoystickImpl.obj)” lub w pozycji „”; obiekt zostanie skonsolidowany bez informacji debugowania
sfml-window-s-d.lib(SensorImpl.obj) : warning LNK4099: nie znaleziono pliku PDB „” z elementem „sfml-window-s-d.lib(SensorImpl.obj)” lub w pozycji „”; obiekt zostanie skonsolidowany bez informacji debugowania
sfml-audio-s-d.lib(SoundBuffer.obj) : warning LNK4099: nie znaleziono pliku PDB „” z elementem „sfml-audio-s-d.lib(SoundBuffer.obj)” lub w pozycji „”; obiekt zostanie skonsolidowany bez informacji debugowania
sfml-audio-s-d.lib(SoundSource.obj) : warning LNK4099: nie znaleziono pliku PDB „” z elementem „sfml-audio-s-d.lib(SoundSource.obj)” lub w pozycji „”; obiekt zostanie skonsolidowany bez informacji debugowania
sfml-audio-s-d.lib(Sound.obj) : warning LNK4099: nie znaleziono pliku PDB „” z elementem „sfml-audio-s-d.lib(Sound.obj)” lub w pozycji „”; obiekt zostanie skonsolidowany bez informacji debugowania
sfml-audio-s-d.lib(AlResource.obj) : warning LNK4099: nie znaleziono pliku PDB „” z elementem „sfml-audio-s-d.lib(AlResource.obj)” lub w pozycji „”; obiekt zostanie skonsolidowany bez informacji debugowania
sfml-audio-s-d.lib(InputSoundFile.obj) : warning LNK4099: nie znaleziono pliku PDB „” z elementem „sfml-audio-s-d.lib(InputSoundFile.obj)” lub w pozycji „”; obiekt zostanie skonsolidowany bez informacji debugowania
sfml-audio-s-d.lib(OutputSoundFile.obj) : warning LNK4099: nie znaleziono pliku PDB „” z elementem „sfml-audio-s-d.lib(OutputSoundFile.obj)” lub w pozycji „”; obiekt zostanie skonsolidowany bez informacji debugowania
sfml-audio-s-d.lib(AudioDevice.obj) : warning LNK4099: nie znaleziono pliku PDB „” z elementem „sfml-audio-s-d.lib(AudioDevice.obj)” lub w pozycji „”; obiekt zostanie skonsolidowany bez informacji debugowania
sfml-audio-s-d.lib(ALCheck.obj) : warning LNK4099: nie znaleziono pliku PDB „” z elementem „sfml-audio-s-d.lib(ALCheck.obj)” lub w pozycji „”; obiekt zostanie skonsolidowany bez informacji debugowania
sfml-audio-s-d.lib(SoundFileFactory.obj) : warning LNK4099: nie znaleziono pliku PDB „” z elementem „sfml-audio-s-d.lib(SoundFileFactory.obj)” lub w pozycji „”; obiekt zostanie skonsolidowany bez informacji debugowania
sfml-audio-s-d.lib(SoundFileReaderFlac.obj) : warning LNK4099: nie znaleziono pliku PDB „” z elementem „sfml-audio-s-d.lib(SoundFileReaderFlac.obj)” lub w pozycji „”; obiekt zostanie skonsolidowany bez informacji debugowania
sfml-audio-s-d.lib(SoundFileWriterFlac.obj) : warning LNK4099: nie znaleziono pliku PDB „” z elementem „sfml-audio-s-d.lib(SoundFileWriterFlac.obj)” lub w pozycji „”; obiekt zostanie skonsolidowany bez informacji debugowania
sfml-audio-s-d.lib(SoundFileReaderMp3.obj) : warning LNK4099: nie znaleziono pliku PDB „” z elementem „sfml-audio-s-d.lib(SoundFileReaderMp3.obj)” lub w pozycji „”; obiekt zostanie skonsolidowany bez informacji debugowania
sfml-audio-s-d.lib(SoundFileReaderOgg.obj) : warning LNK4099: nie znaleziono pliku PDB „” z elementem „sfml-audio-s-d.lib(SoundFileReaderOgg.obj)” lub w pozycji „”; obiekt zostanie skonsolidowany bez informacji debugowania
sfml-audio-s-d.lib(SoundFileWriterOgg.obj) : warning LNK4099: nie znaleziono pliku PDB „” z elementem „sfml-audio-s-d.lib(SoundFileWriterOgg.obj)” lub w pozycji „”; obiekt zostanie skonsolidowany bez informacji debugowania
sfml-audio-s-d.lib(SoundFileReaderWav.obj) : warning LNK4099: nie znaleziono pliku PDB „” z elementem „sfml-audio-s-d.lib(SoundFileReaderWav.obj)” lub w pozycji „”; obiekt zostanie skonsolidowany bez informacji debugowania
sfml-audio-s-d.lib(SoundFileWriterWav.obj) : warning LNK4099: nie znaleziono pliku PDB „” z elementem „sfml-audio-s-d.lib(SoundFileWriterWav.obj)” lub w pozycji „”; obiekt zostanie skonsolidowany bez informacji debugowania
sfml-system-s-d.lib(Time.obj) : warning LNK4099: nie znaleziono pliku PDB „” z elementem „sfml-system-s-d.lib(Time.obj)” lub w pozycji „”; obiekt zostanie skonsolidowany bez informacji debugowania
sfml-system-s-d.lib(Clock.obj) : warning LNK4099: nie znaleziono pliku PDB „” z elementem „sfml-system-s-d.lib(Clock.obj)” lub w pozycji „”; obiekt zostanie skonsolidowany bez informacji debugowania
sfml-system-s-d.lib(String.obj) : warning LNK4099: nie znaleziono pliku PDB „” z elementem „sfml-system-s-d.lib(String.obj)” lub w pozycji „”; obiekt zostanie skonsolidowany bez informacji debugowania
sfml-system-s-d.lib(Mutex.obj) : warning LNK4099: nie znaleziono pliku PDB „” z elementem „sfml-system-s-d.lib(Mutex.obj)” lub w pozycji „”; obiekt zostanie skonsolidowany bez informacji debugowania
sfml-system-s-d.lib(Lock.obj) : warning LNK4099: nie znaleziono pliku PDB „” z elementem „sfml-system-s-d.lib(Lock.obj)” lub w pozycji „”; obiekt zostanie skonsolidowany bez informacji debugowania
sfml-system-s-d.lib(Err.obj) : warning LNK4099: nie znaleziono pliku PDB „” z elementem „sfml-system-s-d.lib(Err.obj)” lub w pozycji „”; obiekt zostanie skonsolidowany bez informacji debugowania
sfml-system-s-d.lib(Sleep.obj) : warning LNK4099: nie znaleziono pliku PDB „” z elementem „sfml-system-s-d.lib(Sleep.obj)” lub w pozycji „”; obiekt zostanie skonsolidowany bez informacji debugowania
sfml-system-s-d.lib(ThreadLocal.obj) : warning LNK4099: nie znaleziono pliku PDB „” z elementem „sfml-system-s-d.lib(ThreadLocal.obj)” lub w pozycji „”; obiekt zostanie skonsolidowany bez informacji debugowania
sfml-system-s-d.lib(FileInputStream.obj) : warning LNK4099: nie znaleziono pliku PDB „” z elementem „sfml-system-s-d.lib(FileInputStream.obj)” lub w pozycji „”; obiekt zostanie skonsolidowany bez informacji debugowania
sfml-system-s-d.lib(MemoryInputStream.obj) : warning LNK4099: nie znaleziono pliku PDB „” z elementem „sfml-system-s-d.lib(MemoryInputStream.obj)” lub w pozycji „”; obiekt zostanie skonsolidowany bez informacji debugowania
sfml-system-s-d.lib(ClockImpl.obj) : warning LNK4099: nie znaleziono pliku PDB „” z elementem „sfml-system-s-d.lib(ClockImpl.obj)” lub w pozycji „”; obiekt zostanie skonsolidowany bez informacji debugowania
sfml-system-s-d.lib(MutexImpl.obj) : warning LNK4099: nie znaleziono pliku PDB „” z elementem „sfml-system-s-d.lib(MutexImpl.obj)” lub w pozycji „”; obiekt zostanie skonsolidowany bez informacji debugowania
sfml-system-s-d.lib(SleepImpl.obj) : warning LNK4099: nie znaleziono pliku PDB „” z elementem „sfml-system-s-d.lib(SleepImpl.obj)” lub w pozycji „”; obiekt zostanie skonsolidowany bez informacji debugowania
sfml-system-s-d.lib(ThreadLocalImpl.obj) : warning LNK4099: nie znaleziono pliku PDB „” z elementem „sfml-system-s-d.lib(ThreadLocalImpl.obj)” lub w pozycji „”; obiekt zostanie skonsolidowany bez informacji debugowania
  PK4Project.vcxproj -> C:\Users\kziaj\Desktop\Tower Defence\PK4Project\x64\Debug\PK4Project.exe
